0 info it worked if it ends with ok
1 verbose cli [ '/home/bgeisler/.nvm/v0.8.7/bin/node',
1 verbose cli   '/home/bgeisler/.nvm/v0.8.7/bin/npm',
1 verbose cli   'install' ]
2 info using npm@1.1.49
3 info using node@v0.8.7
4 verbose read json /home/bgeisler/mainline/training_gc/package.json
5 error install Couldn't read dependencies
6 error SyntaxError: Unexpected string
6 error     at Object.parse (native)
6 error     at /home/bgeisler/.nvm/v0.8.7/lib/node_modules/npm/lib/install.js:212:28
6 error     at fs.readFile (fs.js:176:14)
6 error     at fs.close (/home/bgeisler/.nvm/v0.8.7/lib/node_modules/npm/node_modules/graceful-fs/graceful-fs.js:92:5)
6 error     at Object.oncomplete (fs.js:297:15)
7 error If you need help, you may report this log at:
7 error     <http://github.com/isaacs/npm/issues>
7 error or email it to:
7 error     <npm-@googlegroups.com>
8 error System Linux 2.6.35-22-generic-pae
9 error command "/home/bgeisler/.nvm/v0.8.7/bin/node" "/home/bgeisler/.nvm/v0.8.7/bin/npm" "install"
10 error cwd /home/bgeisler/mainline/training_gc
11 error node -v v0.8.7
12 error npm -v 1.1.49
13 error type unexpected_token_string
14 verbose exit [ 1, true ]
